RUN	computerdatabase.advanced.AdvancedSimulationStep01	advancedsimulationstep01	1565694004136	 	3.2.0
USER	Broadcom	15	START	1565694005500	1565694005500
USER	Broadcom	12	START	1565694005499	1565694005499
USER	Broadcom	11	START	1565694005498	1565694005498
USER	Broadcom	1	START	1565694005492	1565694005492
USER	Broadcom	4	START	1565694005492	1565694005492
USER	Broadcom	2	START	1565694005492	1565694005492
USER	Broadcom	17	START	1565694005503	1565694005503
USER	Broadcom	19	START	1565694005531	1565694005531
USER	Broadcom	13	START	1565694005500	1565694005500
USER	Broadcom	6	START	1565694005493	1565694005493
USER	Broadcom	18	START	1565694005503	1565694005503
USER	Broadcom	27	START	1565694005533	1565694005533
USER	Broadcom	26	START	1565694005533	1565694005533
USER	Broadcom	30	START	1565694005533	1565694005533
USER	Broadcom	29	START	1565694005533	1565694005533
USER	Broadcom	28	START	1565694005533	1565694005533
USER	Broadcom	5	START	1565694005493	1565694005493
USER	Broadcom	32	START	1565694005534	1565694005534
USER	Broadcom	31	START	1565694005534	1565694005534
USER	Broadcom	33	START	1565694005534	1565694005534
USER	Broadcom	34	START	1565694005535	1565694005535
USER	Broadcom	9	START	1565694005497	1565694005497
USER	Broadcom	35	START	1565694005535	1565694005535
USER	Broadcom	37	START	1565694005535	1565694005535
USER	Broadcom	38	START	1565694005535	1565694005535
USER	Broadcom	39	START	1565694005535	1565694005535
USER	Broadcom	40	START	1565694005535	1565694005535
USER	Broadcom	42	START	1565694005535	1565694005535
USER	Broadcom	41	START	1565694005535	1565694005535
USER	Broadcom	43	START	1565694005536	1565694005536
USER	Broadcom	44	START	1565694005536	1565694005536
USER	Broadcom	46	START	1565694005536	1565694005536
USER	Broadcom	45	START	1565694005536	1565694005536
USER	Broadcom	47	START	1565694005536	1565694005536
USER	Broadcom	48	START	1565694005536	1565694005536
USER	Broadcom	49	START	1565694005536	1565694005536
USER	Broadcom	50	START	1565694005536	1565694005536
USER	Broadcom	52	START	1565694005537	1565694005537
USER	Broadcom	53	START	1565694005537	1565694005537
USER	Broadcom	54	START	1565694005537	1565694005537
USER	Broadcom	55	START	1565694005537	1565694005537
USER	Broadcom	57	START	1565694005537	1565694005537
USER	Broadcom	56	START	1565694005537	1565694005537
USER	Broadcom	51	START	1565694005536	1565694005536
USER	Broadcom	58	START	1565694005537	1565694005537
USER	Broadcom	59	START	1565694005537	1565694005537
USER	Broadcom	60	START	1565694005537	1565694005537
USER	Broadcom	62	START	1565694005538	1565694005538
USER	Broadcom	65	START	1565694005538	1565694005538
USER	Broadcom	63	START	1565694005538	1565694005538
USER	Broadcom	66	START	1565694005538	1565694005538
USER	Broadcom	14	START	1565694005500	1565694005500
USER	Broadcom	67	START	1565694005539	1565694005539
USER	Broadcom	68	START	1565694005539	1565694005539
USER	Broadcom	69	START	1565694005539	1565694005539
USER	Broadcom	61	START	1565694005538	1565694005538
USER	Broadcom	71	START	1565694005539	1565694005539
USER	Broadcom	70	START	1565694005539	1565694005539
USER	Broadcom	72	START	1565694005539	1565694005539
USER	Broadcom	73	START	1565694005540	1565694005540
USER	Broadcom	74	START	1565694005540	1565694005540
USER	Broadcom	76	START	1565694005540	1565694005540
USER	Broadcom	79	START	1565694005540	1565694005540
USER	Broadcom	77	START	1565694005540	1565694005540
USER	Broadcom	80	START	1565694005541	1565694005541
USER	Broadcom	78	START	1565694005540	1565694005540
USER	Broadcom	75	START	1565694005540	1565694005540
USER	Broadcom	36	START	1565694005535	1565694005535
USER	Broadcom	64	START	1565694005538	1565694005538
USER	Broadcom	7	START	1565694005494	1565694005494
USER	Broadcom	20	START	1565694005532	1565694005532
USER	Broadcom	21	START	1565694005532	1565694005532
USER	Broadcom	24	START	1565694005533	1565694005533
USER	Broadcom	23	START	1565694005533	1565694005533
USER	Broadcom	22	START	1565694005533	1565694005533
USER	Broadcom	10	START	1565694005495	1565694005495
USER	Broadcom	25	START	1565694005533	1565694005533
USER	Broadcom	16	START	1565694005502	1565694005502
USER	Broadcom	3	START	1565694005492	1565694005492
USER	Broadcom	8	START	1565694005495	1565694005495
REQUEST	67		Home	1565694005539	1565694005939	OK	 
REQUEST	64		Home	1565694005542	1565694005955	OK	 
REQUEST	10		Home	1565694005529	1565694005956	OK	 
REQUEST	43		Home	1565694005536	1565694005959	OK	 
REQUEST	79		Home	1565694005541	1565694005962	OK	 
REQUEST	5		Home	1565694005529	1565694005963	OK	 
REQUEST	2		Home	1565694005531	1565694005965	OK	 
REQUEST	62		Home	1565694005538	1565694005967	OK	 
REQUEST	55		Home	1565694005537	1565694005978	OK	 
REQUEST	44		Home	1565694005536	1565694005982	OK	 
REQUEST	57		Home	1565694005537	1565694005986	OK	 
REQUEST	71		Home	1565694005540	1565694005986	OK	 
REQUEST	38		Home	1565694005535	1565694005990	OK	 
REQUEST	11		Home	1565694005529	1565694005998	OK	 
REQUEST	22		Home	1565694005546	1565694006004	OK	 
REQUEST	72		Home	1565694005540	1565694006004	OK	 
REQUEST	41		Home	1565694005536	1565694006013	OK	 
REQUEST	66		Home	1565694005539	1565694006015	OK	 
REQUEST	58		Home	1565694005538	1565694006025	OK	 
REQUEST	12		Home	1565694005530	1565694006028	OK	 
REQUEST	15		Home	1565694005530	1565694006038	OK	 
REQUEST	23		Home	1565694005544	1565694006041	OK	 
REQUEST	6		Home	1565694005529	1565694006046	OK	 
REQUEST	61		Home	1565694005540	1565694006050	OK	 
REQUEST	74		Home	1565694005540	1565694006052	OK	 
REQUEST	80		Home	1565694005541	1565694006052	OK	 
REQUEST	14		Home	1565694005530	1565694006053	OK	 
REQUEST	30		Home	1565694005534	1565694006056	OK	 
REQUEST	37		Home	1565694005535	1565694006061	OK	 
REQUEST	29		Home	1565694005534	1565694006066	OK	 
REQUEST	48		Home	1565694005536	1565694006068	OK	 
REQUEST	78		Home	1565694005542	1565694006069	OK	 
REQUEST	35		Home	1565694005535	1565694006078	OK	 
REQUEST	13		Home	1565694005530	1565694006084	OK	 
REQUEST	21		Home	1565694005544	1565694006086	OK	 
REQUEST	52		Home	1565694005537	1565694006088	OK	 
REQUEST	31		Home	1565694005535	1565694006089	OK	 
REQUEST	8		Home	1565694005529	1565694006094	OK	 
REQUEST	50		Home	1565694005537	1565694006095	OK	 
REQUEST	69		Home	1565694005539	1565694006106	OK	 
REQUEST	67		Home Redirect 1	1565694005946	1565694006097	KO	status.find.in(200,201,202,203,204,205,206,207,208,209,304), found 429
REQUEST	5		Home Redirect 1	1565694005964	1565694006106	KO	status.find.in(200,201,202,203,204,205,206,207,208,209,304), found 429
REQUEST	10		Home Redirect 1	1565694005957	1565694006109	KO	status.find.in(200,201,202,203,204,205,206,207,208,209,304), found 429
REQUEST	47		Home	1565694005536	1565694006110	OK	 
REQUEST	24		Home	1565694005544	1565694006110	OK	 
REQUEST	2		Home Redirect 1	1565694005966	1565694006111	KO	status.find.in(200,201,202,203,204,205,206,207,208,209,304), found 429
REQUEST	62		Home Redirect 1	1565694005967	1565694006112	KO	status.find.in(200,201,202,203,204,205,206,207,208,209,304), found 429
REQUEST	75		Home	1565694005542	1565694006113	OK	 
REQUEST	55		Home Redirect 1	1565694005978	1565694006115	KO	status.find.in(200,201,202,203,204,205,206,207,208,209,304), found 429
REQUEST	49		Home	1565694005537	1565694006117	OK	 
REQUEST	57		Home Redirect 1	1565694005986	1565694006118	KO	status.find.in(200,201,202,203,204,205,206,207,208,209,304), found 429
REQUEST	7		Home	1565694005529	1565694006120	OK	 
REQUEST	44		Home Redirect 1	1565694005982	1565694006120	KO	status.find.in(200,201,202,203,204,205,206,207,208,209,304), found 429
REQUEST	64		Home Redirect 1	1565694005956	1565694006120	KO	status.find.in(200,201,202,203,204,205,206,207,208,209,304), found 429
REQUEST	71		Home Redirect 1	1565694005986	1565694006123	KO	status.find.in(200,201,202,203,204,205,206,207,208,209,304), found 429
REQUEST	39		Home	1565694005536	1565694006124	OK	 
REQUEST	38		Home Redirect 1	1565694005990	1565694006125	KO	status.find.in(200,201,202,203,204,205,206,207,208,209,304), found 429
REQUEST	36		Home	1565694005542	1565694006126	OK	 
REQUEST	28		Home	1565694005534	1565694006129	OK	 
REQUEST	19		Home	1565694005533	1565694006133	OK	 
REQUEST	4		Home	1565694005529	1565694006141	OK	 
REQUEST	77		Home	1565694005541	1565694006142	OK	 
REQUEST	32		Home	1565694005535	1565694006143	OK	 
REQUEST	22		Home Redirect 1	1565694006005	1565694006146	KO	status.find.in(200,201,202,203,204,205,206,207,208,209,304), found 429
REQUEST	40		Home	1565694005536	1565694006148	OK	 
REQUEST	72		Home Redirect 1	1565694006005	1565694006149	KO	status.find.in(200,201,202,203,204,205,206,207,208,209,304), found 429
REQUEST	3		Home	1565694005529	1565694006152	OK	 
REQUEST	41		Home Redirect 1	1565694006013	1565694006152	KO	status.find.in(200,201,202,203,204,205,206,207,208,209,304), found 429
REQUEST	46		Home	1565694005536	1565694006153	OK	 
REQUEST	11		Home Redirect 1	1565694006004	1565694006153	KO	status.find.in(200,201,202,203,204,205,206,207,208,209,304), found 429
REQUEST	65		Home	1565694005538	1565694006154	OK	 
REQUEST	70		Home	1565694005540	1565694006155	OK	 
REQUEST	58		Home Redirect 1	1565694006026	1565694006160	KO	status.find.in(200,201,202,203,204,205,206,207,208,209,304), found 429
REQUEST	56		Home	1565694005537	1565694006165	OK	 
REQUEST	60		Home	1565694005538	1565694006167	OK	 
REQUEST	73		Home	1565694005540	1565694006170	OK	 
REQUEST	79		Home Redirect 1	1565694005963	1565694006170	KO	status.find.in(200,201,202,203,204,205,206,207,208,209,304), found 429
REQUEST	12		Home Redirect 1	1565694006038	1565694006171	KO	status.find.in(200,201,202,203,204,205,206,207,208,209,304), found 429
REQUEST	15		Home Redirect 1	1565694006038	1565694006174	KO	status.find.in(200,201,202,203,204,205,206,207,208,209,304), found 429
REQUEST	51		Home	1565694005537	1565694006175	OK	 
REQUEST	1		Home	1565694005530	1565694006177	OK	 
REQUEST	33		Home	1565694005535	1565694006179	OK	 
REQUEST	6		Home Redirect 1	1565694006046	1565694006179	KO	status.find.in(200,201,202,203,204,205,206,207,208,209,304), found 429
REQUEST	43		Home Redirect 1	1565694005960	1565694006180	KO	status.find.in(200,201,202,203,204,205,206,207,208,209,304), found 429
REQUEST	23		Home Redirect 1	1565694006041	1565694006180	KO	status.find.in(200,201,202,203,204,205,206,207,208,209,304), found 429
REQUEST	74		Home Redirect 1	1565694006052	1565694006186	KO	status.find.in(200,201,202,203,204,205,206,207,208,209,304), found 429
REQUEST	80		Home Redirect 1	1565694006052	1565694006187	KO	status.find.in(200,201,202,203,204,205,206,207,208,209,304), found 429
REQUEST	61		Home Redirect 1	1565694006051	1565694006188	KO	status.find.in(200,201,202,203,204,205,206,207,208,209,304), found 429
REQUEST	37		Home Redirect 1	1565694006061	1565694006194	KO	status.find.in(200,201,202,203,204,205,206,207,208,209,304), found 429
REQUEST	59		Home	1565694005538	1565694006195	OK	 
REQUEST	14		Home Redirect 1	1565694006053	1565694006195	KO	status.find.in(200,201,202,203,204,205,206,207,208,209,304), found 429
REQUEST	76		Home	1565694005540	1565694006199	OK	 
REQUEST	29		Home Redirect 1	1565694006066	1565694006201	KO	status.find.in(200,201,202,203,204,205,206,207,208,209,304), found 429
REQUEST	30		Home Redirect 1	1565694006057	1565694006203	KO	status.find.in(200,201,202,203,204,205,206,207,208,209,304), found 429
REQUEST	78		Home Redirect 1	1565694006070	1565694006204	KO	status.find.in(200,201,202,203,204,205,206,207,208,209,304), found 429
REQUEST	16		Home	1565694005529	1565694006206	OK	 
REQUEST	42		Home	1565694005536	1565694006211	OK	 
REQUEST	48		Home Redirect 1	1565694006068	1565694006212	KO	status.find.in(200,201,202,203,204,205,206,207,208,209,304), found 429
REQUEST	20		Home	1565694005543	1565694006215	OK	 
REQUEST	35		Home Redirect 1	1565694006079	1565694006216	KO	status.find.in(200,201,202,203,204,205,206,207,208,209,304), found 429
REQUEST	25		Home	1565694005545	1565694006218	OK	 
REQUEST	45		Home	1565694005536	1565694006219	OK	 
REQUEST	66		Home Redirect 1	1565694006015	1565694006219	KO	status.find.in(200,201,202,203,204,205,206,207,208,209,304), found 429
REQUEST	27		Home	1565694005533	1565694006220	OK	 
REQUEST	52		Home Redirect 1	1565694006088	1565694006222	KO	status.find.in(200,201,202,203,204,205,206,207,208,209,304), found 429
REQUEST	31		Home Redirect 1	1565694006089	1565694006223	KO	status.find.in(200,201,202,203,204,205,206,207,208,209,304), found 429
REQUEST	26		Home	1565694005533	1565694006223	OK	 
REQUEST	13		Home Redirect 1	1565694006084	1565694006225	KO	status.find.in(200,201,202,203,204,205,206,207,208,209,304), found 429
REQUEST	9		Home	1565694005530	1565694006228	OK	 
REQUEST	17		Home	1565694005530	1565694006229	OK	 
REQUEST	63		Home	1565694005539	1565694006230	OK	 
REQUEST	8		Home Redirect 1	1565694006095	1565694006233	KO	status.find.in(200,201,202,203,204,205,206,207,208,209,304), found 429
REQUEST	18		Home	1565694005530	1565694006234	OK	 
REQUEST	50		Home Redirect 1	1565694006095	1565694006234	KO	status.find.in(200,201,202,203,204,205,206,207,208,209,304), found 429
REQUEST	54		Home	1565694005537	1565694006235	OK	 
REQUEST	34		Home	1565694005535	1565694006235	OK	 
REQUEST	21		Home Redirect 1	1565694006087	1565694006234	KO	status.find.in(200,201,202,203,204,205,206,207,208,209,304), found 429
REQUEST	68		Home	1565694005539	1565694006236	OK	 
REQUEST	69		Home Redirect 1	1565694006106	1565694006241	KO	status.find.in(200,201,202,203,204,205,206,207,208,209,304), found 429
REQUEST	47		Home Redirect 1	1565694006110	1565694006243	KO	status.find.in(200,201,202,203,204,205,206,207,208,209,304), found 429
REQUEST	53		Home	1565694005537	1565694006245	OK	 
REQUEST	24		Home Redirect 1	1565694006111	1565694006245	KO	status.find.in(200,201,202,203,204,205,206,207,208,209,304), found 429
REQUEST	75		Home Redirect 1	1565694006113	1565694006251	KO	status.find.in(200,201,202,203,204,205,206,207,208,209,304), found 429
REQUEST	7		Home Redirect 1	1565694006120	1565694006257	KO	status.find.in(200,201,202,203,204,205,206,207,208,209,304), found 429
REQUEST	39		Home Redirect 1	1565694006124	1565694006257	KO	status.find.in(200,201,202,203,204,205,206,207,208,209,304), found 429
REQUEST	49		Home Redirect 1	1565694006117	1565694006259	KO	status.find.in(200,201,202,203,204,205,206,207,208,209,304), found 429
REQUEST	28		Home Redirect 1	1565694006129	1565694006264	KO	status.find.in(200,201,202,203,204,205,206,207,208,209,304), found 429
REQUEST	19		Home Redirect 1	1565694006133	1565694006268	KO	status.find.in(200,201,202,203,204,205,206,207,208,209,304), found 429
REQUEST	36		Home Redirect 1	1565694006126	1565694006270	KO	status.find.in(200,201,202,203,204,205,206,207,208,209,304), found 429
REQUEST	77		Home Redirect 1	1565694006142	1565694006276	KO	status.find.in(200,201,202,203,204,205,206,207,208,209,304), found 429
REQUEST	3		Home Redirect 1	1565694006152	1565694006286	KO	status.find.in(200,201,202,203,204,205,206,207,208,209,304), found 429
REQUEST	65		Home Redirect 1	1565694006154	1565694006287	KO	status.find.in(200,201,202,203,204,205,206,207,208,209,304), found 429
REQUEST	4		Home Redirect 1	1565694006141	1565694006288	KO	status.find.in(200,201,202,203,204,205,206,207,208,209,304), found 429
REQUEST	40		Home Redirect 1	1565694006148	1565694006292	KO	status.find.in(200,201,202,203,204,205,206,207,208,209,304), found 429
REQUEST	60		Home Redirect 1	1565694006167	1565694006300	KO	status.find.in(200,201,202,203,204,205,206,207,208,209,304), found 429
REQUEST	46		Home Redirect 1	1565694006153	1565694006300	KO	status.find.in(200,201,202,203,204,205,206,207,208,209,304), found 429
REQUEST	56		Home Redirect 1	1565694006166	1565694006301	KO	status.find.in(200,201,202,203,204,205,206,207,208,209,304), found 429
REQUEST	70		Home Redirect 1	1565694006156	1565694006302	KO	status.find.in(200,201,202,203,204,205,206,207,208,209,304), found 429
REQUEST	51		Home Redirect 1	1565694006175	1565694006306	KO	status.find.in(200,201,202,203,204,205,206,207,208,209,304), found 429
REQUEST	1		Home Redirect 1	1565694006177	1565694006309	KO	status.find.in(200,201,202,203,204,205,206,207,208,209,304), found 429
REQUEST	73		Home Redirect 1	1565694006170	1565694006313	KO	status.find.in(200,201,202,203,204,205,206,207,208,209,304), found 429
REQUEST	33		Home Redirect 1	1565694006179	1565694006320	KO	status.find.in(200,201,202,203,204,205,206,207,208,209,304), found 429
REQUEST	59		Home Redirect 1	1565694006195	1565694006328	KO	status.find.in(200,201,202,203,204,205,206,207,208,209,304), found 429
REQUEST	76		Home Redirect 1	1565694006199	1565694006331	KO	status.find.in(200,201,202,203,204,205,206,207,208,209,304), found 429
REQUEST	16		Home Redirect 1	1565694006207	1565694006342	KO	status.find.in(200,201,202,203,204,205,206,207,208,209,304), found 429
REQUEST	42		Home Redirect 1	1565694006212	1565694006346	KO	status.find.in(200,201,202,203,204,205,206,207,208,209,304), found 429
REQUEST	20		Home Redirect 1	1565694006215	1565694006348	KO	status.find.in(200,201,202,203,204,205,206,207,208,209,304), found 429
REQUEST	45		Home Redirect 1	1565694006219	1565694006351	KO	status.find.in(200,201,202,203,204,205,206,207,208,209,304), found 429
REQUEST	25		Home Redirect 1	1565694006218	1565694006352	KO	status.find.in(200,201,202,203,204,205,206,207,208,209,304), found 429
REQUEST	26		Home Redirect 1	1565694006224	1565694006359	KO	status.find.in(200,201,202,203,204,205,206,207,208,209,304), found 429
REQUEST	17		Home Redirect 1	1565694006229	1565694006361	KO	status.find.in(200,201,202,203,204,205,206,207,208,209,304), found 429
REQUEST	9		Home Redirect 1	1565694006228	1565694006361	KO	status.find.in(200,201,202,203,204,205,206,207,208,209,304), found 429
REQUEST	32		Home Redirect 1	1565694006143	1565694006364	KO	status.find.in(200,201,202,203,204,205,206,207,208,209,304), found 429
REQUEST	18		Home Redirect 1	1565694006234	1565694006368	KO	status.find.in(200,201,202,203,204,205,206,207,208,209,304), found 429
REQUEST	54		Home Redirect 1	1565694006235	1565694006369	KO	status.find.in(200,201,202,203,204,205,206,207,208,209,304), found 429
REQUEST	34		Home Redirect 1	1565694006235	1565694006370	KO	status.find.in(200,201,202,203,204,205,206,207,208,209,304), found 429
REQUEST	63		Home Redirect 1	1565694006231	1565694006370	KO	status.find.in(200,201,202,203,204,205,206,207,208,209,304), found 429
REQUEST	27		Home Redirect 1	1565694006220	1565694006371	KO	status.find.in(200,201,202,203,204,205,206,207,208,209,304), found 429
REQUEST	53		Home Redirect 1	1565694006245	1565694006377	KO	status.find.in(200,201,202,203,204,205,206,207,208,209,304), found 429
REQUEST	68		Home Redirect 1	1565694006236	1565694006383	KO	status.find.in(200,201,202,203,204,205,206,207,208,209,304), found 429
USER	Broadcom	67	END	1565694005539	1565694012127
USER	Broadcom	2	END	1565694005492	1565694012127
USER	Broadcom	10	END	1565694005495	1565694012128
USER	Broadcom	5	END	1565694005493	1565694012129
USER	Broadcom	57	END	1565694005537	1565694012132
USER	Broadcom	55	END	1565694005537	1565694012132
USER	Broadcom	64	END	1565694005538	1565694012132
USER	Broadcom	44	END	1565694005536	1565694012133
USER	Broadcom	62	END	1565694005538	1565694012132
USER	Broadcom	71	END	1565694005539	1565694012143
USER	Broadcom	38	END	1565694005535	1565694012143
USER	Broadcom	22	END	1565694005533	1565694012164
USER	Broadcom	72	END	1565694005539	1565694012164
USER	Broadcom	11	END	1565694005498	1565694012174
USER	Broadcom	58	END	1565694005537	1565694012174
USER	Broadcom	41	END	1565694005535	1565694012174
USER	Broadcom	79	END	1565694005540	1565694012184
USER	Broadcom	12	END	1565694005499	1565694012184
USER	Broadcom	6	END	1565694005493	1565694012194
USER	Broadcom	43	END	1565694005536	1565694012194
USER	Broadcom	23	END	1565694005533	1565694012194
USER	Broadcom	15	END	1565694005500	1565694012194
USER	Broadcom	80	END	1565694005541	1565694012204
USER	Broadcom	74	END	1565694005540	1565694012204
USER	Broadcom	61	END	1565694005538	1565694012204
USER	Broadcom	14	END	1565694005500	1565694012214
USER	Broadcom	37	END	1565694005535	1565694012214
USER	Broadcom	29	END	1565694005533	1565694012214
USER	Broadcom	78	END	1565694005540	1565694012225
USER	Broadcom	48	END	1565694005536	1565694012225
USER	Broadcom	30	END	1565694005533	1565694012225
USER	Broadcom	52	END	1565694005537	1565694012235
USER	Broadcom	35	END	1565694005535	1565694012235
USER	Broadcom	31	END	1565694005534	1565694012235
USER	Broadcom	66	END	1565694005538	1565694012235
USER	Broadcom	50	END	1565694005536	1565694012245
USER	Broadcom	13	END	1565694005500	1565694012245
USER	Broadcom	8	END	1565694005495	1565694012245
USER	Broadcom	69	END	1565694005539	1565694012255
USER	Broadcom	21	END	1565694005532	1565694012255
USER	Broadcom	47	END	1565694005536	1565694012255
USER	Broadcom	24	END	1565694005533	1565694012265
USER	Broadcom	75	END	1565694005540	1565694012265
USER	Broadcom	7	END	1565694005494	1565694012275
USER	Broadcom	28	END	1565694005533	1565694012275
USER	Broadcom	49	END	1565694005536	1565694012275
USER	Broadcom	39	END	1565694005535	1565694012275
USER	Broadcom	36	END	1565694005535	1565694012285
USER	Broadcom	19	END	1565694005531	1565694012285
USER	Broadcom	77	END	1565694005540	1565694012296
USER	Broadcom	4	END	1565694005492	1565694012307
USER	Broadcom	65	END	1565694005538	1565694012307
USER	Broadcom	3	END	1565694005492	1565694012307
USER	Broadcom	40	END	1565694005535	1565694012307
USER	Broadcom	46	END	1565694005536	1565694012311
USER	Broadcom	56	END	1565694005537	1565694012311
USER	Broadcom	70	END	1565694005539	1565694012311
USER	Broadcom	60	END	1565694005537	1565694012311
USER	Broadcom	73	END	1565694005540	1565694012321
USER	Broadcom	1	END	1565694005492	1565694012321
USER	Broadcom	51	END	1565694005536	1565694012321
USER	Broadcom	33	END	1565694005534	1565694012331
USER	Broadcom	59	END	1565694005537	1565694012342
USER	Broadcom	76	END	1565694005540	1565694012342
USER	Broadcom	42	END	1565694005535	1565694012352
USER	Broadcom	16	END	1565694005502	1565694012352
USER	Broadcom	20	END	1565694005532	1565694012352
USER	Broadcom	25	END	1565694005533	1565694012372
USER	Broadcom	45	END	1565694005536	1565694012372
USER	Broadcom	26	END	1565694005533	1565694012372
USER	Broadcom	17	END	1565694005503	1565694012382
USER	Broadcom	32	END	1565694005534	1565694012382
USER	Broadcom	9	END	1565694005497	1565694012382
USER	Broadcom	54	END	1565694005537	1565694012382
USER	Broadcom	27	END	1565694005533	1565694012382
USER	Broadcom	34	END	1565694005535	1565694012383
USER	Broadcom	18	END	1565694005503	1565694012383
USER	Broadcom	63	END	1565694005538	1565694012383
USER	Broadcom	53	END	1565694005537	1565694012392
USER	Broadcom	68	END	1565694005539	1565694012402
