RUN	computerdatabase.advanced.AdvancedSimulationStep01	advancedsimulationstep01	1565750613935	 	3.2.0
USER	Users	3	START	1565750615293	1565750615293
USER	Users	9	START	1565750615294	1565750615294
USER	Admins	15	START	1565750615297	1565750615297
USER	Users	8	START	1565750615294	1565750615294
USER	Users	1	START	1565750615293	1565750615293
USER	Admins	13	START	1565750615296	1565750615296
USER	Users	10	START	1565750615295	1565750615295
USER	Admins	11	START	1565750615295	1565750615295
USER	Admins	20	START	1565750615345	1565750615345
USER	Admins	22	START	1565750615345	1565750615345
USER	Admins	23	START	1565750615346	1565750615346
USER	Admins	24	START	1565750615346	1565750615346
USER	Admins	21	START	1565750615345	1565750615345
USER	Admins	18	START	1565750615299	1565750615299
USER	Admins	26	START	1565750615347	1565750615347
USER	Admins	27	START	1565750615347	1565750615347
USER	Admins	28	START	1565750615347	1565750615347
USER	Admins	29	START	1565750615347	1565750615347
USER	Admins	19	START	1565750615345	1565750615345
USER	Admins	30	START	1565750615347	1565750615347
USER	Users	5	START	1565750615294	1565750615294
USER	Admins	25	START	1565750615346	1565750615346
USER	Users	2	START	1565750615293	1565750615293
USER	Admins	16	START	1565750615297	1565750615297
USER	Users	4	START	1565750615294	1565750615294
USER	Admins	12	START	1565750615295	1565750615295
USER	Admins	14	START	1565750615296	1565750615296
USER	Users	6	START	1565750615293	1565750615293
USER	Admins	17	START	1565750615297	1565750615297
USER	Users	7	START	1565750615294	1565750615294
REQUEST	12		Home	1565750615335	1565750616136	OK	 
REQUEST	6		Home	1565750615335	1565750616142	OK	 
REQUEST	29		Home	1565750615347	1565750616146	OK	 
REQUEST	9		Home	1565750615335	1565750616143	OK	 
REQUEST	8		Home	1565750615335	1565750616138	OK	 
REQUEST	11		Home	1565750615345	1565750616139	OK	 
REQUEST	7		Home	1565750615335	1565750616139	OK	 
REQUEST	14		Home	1565750615334	1565750616139	OK	 
REQUEST	16		Home	1565750615335	1565750616146	OK	 
REQUEST	10		Home	1565750615335	1565750616142	OK	 
REQUEST	1		Home	1565750615335	1565750616136	OK	 
REQUEST	15		Home	1565750615335	1565750616142	OK	 
REQUEST	20		Home	1565750615345	1565750616160	OK	 
REQUEST	25		Home	1565750615347	1565750616160	OK	 
REQUEST	17		Home	1565750615335	1565750616160	OK	 
REQUEST	24		Home	1565750615346	1565750616161	OK	 
REQUEST	2		Home	1565750615334	1565750616161	OK	 
REQUEST	18		Home	1565750615334	1565750616161	OK	 
REQUEST	23		Home	1565750615346	1565750616163	OK	 
REQUEST	21		Home	1565750615347	1565750616163	OK	 
REQUEST	19		Home	1565750615347	1565750616163	OK	 
REQUEST	22		Home	1565750615346	1565750616163	OK	 
REQUEST	28		Home	1565750615347	1565750616163	OK	 
REQUEST	30		Home	1565750615347	1565750616165	OK	 
REQUEST	13		Home	1565750615335	1565750616162	OK	 
REQUEST	3		Home	1565750615335	1565750616162	OK	 
REQUEST	4		Home	1565750615342	1565750616165	OK	 
REQUEST	27		Home	1565750615347	1565750616165	OK	 
REQUEST	26		Home	1565750615347	1565750616165	OK	 
REQUEST	5		Home	1565750615335	1565750616168	OK	 
REQUEST	1		Search	1565750617152	1565750617399	OK	 
REQUEST	10		Search	1565750617167	1565750617403	OK	 
REQUEST	15		Search	1565750617167	1565750617403	OK	 
REQUEST	29		Search	1565750617169	1565750617405	OK	 
REQUEST	16		Search	1565750617167	1565750617406	OK	 
REQUEST	8		Search	1565750617162	1565750617410	OK	 
REQUEST	7		Search	1565750617167	1565750617413	OK	 
REQUEST	12		Search	1565750617167	1565750617415	OK	 
REQUEST	27		Search	1565750617178	1565750617415	OK	 
REQUEST	28		Search	1565750617178	1565750617413	OK	 
REQUEST	5		Search	1565750617179	1565750617415	OK	 
REQUEST	11		Search	1565750617168	1565750617416	OK	 
REQUEST	2		Search	1565750617179	1565750617418	OK	 
REQUEST	6		Search	1565750617167	1565750617419	OK	 
REQUEST	9		Search	1565750617162	1565750617421	OK	 
REQUEST	20		Search	1565750617177	1565750617423	OK	 
REQUEST	23		Search	1565750617177	1565750617423	OK	 
REQUEST	25		Search	1565750617177	1565750617423	OK	 
REQUEST	4		Search	1565750617178	1565750617424	OK	 
REQUEST	18		Search	1565750617177	1565750617424	OK	 
REQUEST	17		Search	1565750617177	1565750617424	OK	 
REQUEST	21		Search	1565750617178	1565750617424	OK	 
REQUEST	19		Search	1565750617179	1565750617424	OK	 
REQUEST	30		Search	1565750617177	1565750617425	OK	 
REQUEST	14		Search	1565750617167	1565750617425	OK	 
REQUEST	13		Search	1565750617179	1565750617425	OK	 
REQUEST	22		Search	1565750617177	1565750617425	OK	 
REQUEST	3		Search	1565750617179	1565750617426	OK	 
REQUEST	24		Search	1565750617180	1565750617426	OK	 
REQUEST	26		Search	1565750617178	1565750617426	OK	 
REQUEST	16		Select	1565750618401	1565750618637	OK	 
REQUEST	8		Select	1565750618411	1565750618645	OK	 
REQUEST	29		Select	1565750618401	1565750618649	OK	 
REQUEST	15		Select	1565750618401	1565750618649	OK	 
REQUEST	10		Select	1565750618401	1565750618650	OK	 
REQUEST	27		Select	1565750618422	1565750618655	OK	 
REQUEST	6		Select	1565750618422	1565750618656	OK	 
REQUEST	12		Select	1565750618411	1565750618656	OK	 
REQUEST	11		Select	1565750618411	1565750618657	OK	 
REQUEST	7		Select	1565750618411	1565750618658	OK	 
REQUEST	23		Select	1565750618432	1565750618665	OK	 
REQUEST	21		Select	1565750618432	1565750618666	OK	 
REQUEST	4		Select	1565750618432	1565750618667	OK	 
REQUEST	5		Select	1565750618432	1565750618667	OK	 
REQUEST	28		Select	1565750618422	1565750618667	OK	 
REQUEST	30		Select	1565750618433	1565750618668	OK	 
REQUEST	1		Select	1565750618411	1565750618668	OK	 
REQUEST	25		Select	1565750618434	1565750618671	OK	 
REQUEST	14		Select	1565750618422	1565750618674	OK	 
REQUEST	18		Select	1565750618432	1565750618677	OK	 
REQUEST	2		Select	1565750618432	1565750618678	OK	 
REQUEST	19		Select	1565750618432	1565750618678	OK	 
REQUEST	13		Select	1565750618433	1565750618679	OK	 
REQUEST	20		Select	1565750618433	1565750618679	OK	 
REQUEST	22		Select	1565750618433	1565750618680	OK	 
REQUEST	26		Select	1565750618435	1565750618680	OK	 
REQUEST	24		Select	1565750618435	1565750618681	OK	 
REQUEST	9		Select	1565750618433	1565750618682	OK	 
REQUEST	17		Select	1565750618432	1565750618682	OK	 
REQUEST	3		Select	1565750618435	1565750618687	OK	 
REQUEST	12		Home	1565750619640	1565750619877	OK	 
REQUEST	8		Home	1565750619630	1565750619878	OK	 
REQUEST	16		Home	1565750619640	1565750619879	OK	 
REQUEST	6		Home	1565750619640	1565750619887	OK	 
REQUEST	27		Home	1565750619640	1565750619889	OK	 
REQUEST	15		Home	1565750619640	1565750619889	OK	 
REQUEST	29		Home	1565750619650	1565750619890	OK	 
REQUEST	5		Home	1565750619660	1565750619895	OK	 
REQUEST	21		Home	1565750619660	1565750619896	OK	 
REQUEST	23		Home	1565750619660	1565750619896	OK	 
REQUEST	10		Home	1565750619650	1565750619898	OK	 
REQUEST	18		Home	1565750619670	1565750619900	OK	 
REQUEST	1		Home	1565750619669	1565750619904	OK	 
REQUEST	14		Home	1565750619670	1565750619908	OK	 
REQUEST	11		Home	1565750619660	1565750619910	OK	 
REQUEST	9		Home	1565750619681	1565750619915	OK	 
REQUEST	22		Home	1565750619680	1565750619916	OK	 
REQUEST	26		Home	1565750619680	1565750619917	OK	 
REQUEST	25		Home	1565750619669	1565750619917	OK	 
REQUEST	4		Home	1565750619660	1565750619918	OK	 
REQUEST	28		Home	1565750619669	1565750619919	OK	 
REQUEST	7		Home	1565750619670	1565750619924	OK	 
REQUEST	17		Home	1565750619681	1565750619927	OK	 
REQUEST	20		Home	1565750619681	1565750619927	OK	 
REQUEST	19		Home	1565750619681	1565750619928	OK	 
REQUEST	2		Home	1565750619680	1565750619928	OK	 
REQUEST	24		Home	1565750619680	1565750619928	OK	 
REQUEST	13		Home	1565750619680	1565750619928	OK	 
REQUEST	30		Home	1565750619682	1565750619935	OK	 
REQUEST	3		Home	1565750619690	1565750619944	OK	 
REQUEST	8		Page 1	1565750621890	1565750622125	OK	 
REQUEST	16		Page 1	1565750621880	1565750622133	OK	 
REQUEST	23		Page 1	1565750621901	1565750622136	OK	 
REQUEST	12		Page 1	1565750621890	1565750622137	OK	 
REQUEST	6		Page 1	1565750621890	1565750622137	OK	 
REQUEST	1		Page 1	1565750621901	1565750622150	OK	 
REQUEST	27		Page 1	1565750621901	1565750622151	OK	 
REQUEST	10		Page 1	1565750621901	1565750622151	OK	 
REQUEST	18		Page 1	1565750621901	1565750622152	OK	 
REQUEST	15		Page 1	1565750621890	1565750622152	OK	 
REQUEST	29		Page 1	1565750621901	1565750622152	OK	 
REQUEST	5		Page 1	1565750621901	1565750622154	OK	 
REQUEST	22		Page 1	1565750621911	1565750622156	OK	 
REQUEST	25		Page 1	1565750621911	1565750622156	OK	 
REQUEST	13		Page 1	1565750621921	1565750622156	OK	 
REQUEST	30		Page 1	1565750621921	1565750622156	OK	 
REQUEST	9		Page 1	1565750621911	1565750622157	OK	 
REQUEST	28		Page 1	1565750621912	1565750622157	OK	 
REQUEST	2		Page 1	1565750621912	1565750622159	OK	 
REQUEST	21		Page 1	1565750621901	1565750622159	OK	 
REQUEST	11		Page 1	1565750621911	1565750622164	OK	 
REQUEST	20		Page 1	1565750621921	1565750622166	OK	 
REQUEST	7		Page 1	1565750621912	1565750622166	OK	 
REQUEST	4		Page 1	1565750621921	1565750622167	OK	 
REQUEST	19		Page 1	1565750621921	1565750622167	OK	 
REQUEST	24		Page 1	1565750621921	1565750622167	OK	 
REQUEST	17		Page 1	1565750621921	1565750622168	OK	 
REQUEST	14		Page 1	1565750621911	1565750622169	OK	 
REQUEST	26		Page 1	1565750621911	1565750622169	OK	 
REQUEST	3		Page 1	1565750621941	1565750622176	OK	 
REQUEST	23		Page 2	1565750622801	1565750623029	OK	 
REQUEST	8		Page 2	1565750622801	1565750623038	OK	 
REQUEST	5		Page 2	1565750622811	1565750623045	OK	 
REQUEST	1		Page 2	1565750622811	1565750623046	OK	 
REQUEST	22		Page 2	1565750622821	1565750623049	OK	 
REQUEST	15		Page 2	1565750622821	1565750623051	OK	 
REQUEST	11		Page 2	1565750622821	1565750623056	OK	 
REQUEST	20		Page 2	1565750622821	1565750623056	OK	 
REQUEST	30		Page 2	1565750622821	1565750623057	OK	 
REQUEST	25		Page 2	1565750622821	1565750623057	OK	 
REQUEST	9		Page 2	1565750622821	1565750623057	OK	 
REQUEST	6		Page 2	1565750622811	1565750623057	OK	 
REQUEST	16		Page 2	1565750622811	1565750623057	OK	 
REQUEST	29		Page 2	1565750622811	1565750623057	OK	 
REQUEST	7		Page 2	1565750622831	1565750623067	OK	 
REQUEST	10		Page 2	1565750622821	1565750623067	OK	 
REQUEST	18		Page 2	1565750622822	1565750623068	OK	 
REQUEST	13		Page 2	1565750622821	1565750623069	OK	 
REQUEST	12		Page 2	1565750622811	1565750623069	OK	 
REQUEST	27		Page 2	1565750622822	1565750623069	OK	 
REQUEST	14		Page 2	1565750622842	1565750623076	OK	 
REQUEST	2		Page 2	1565750622831	1565750623077	OK	 
REQUEST	28		Page 2	1565750622831	1565750623077	OK	 
REQUEST	21		Page 2	1565750622831	1565750623078	OK	 
REQUEST	24		Page 2	1565750622847	1565750623082	OK	 
REQUEST	19		Page 2	1565750622847	1565750623082	OK	 
REQUEST	3		Page 2	1565750622842	1565750623088	OK	 
REQUEST	26		Page 2	1565750622847	1565750623093	OK	 
REQUEST	4		Page 2	1565750622847	1565750623094	OK	 
REQUEST	17		Page 2	1565750622847	1565750623107	OK	 
REQUEST	23		Page 3	1565750623662	1565750623901	OK	 
REQUEST	1		Page 3	1565750623672	1565750623906	OK	 
REQUEST	16		Page 3	1565750623682	1565750623916	OK	 
REQUEST	5		Page 3	1565750623672	1565750623918	OK	 
REQUEST	11		Page 3	1565750623682	1565750623918	OK	 
REQUEST	8		Page 3	1565750623662	1565750623918	OK	 
REQUEST	24		Page 3	1565750623697	1565750623928	OK	 
REQUEST	30		Page 3	1565750623693	1565750623929	OK	 
REQUEST	27		Page 3	1565750623697	1565750623934	OK	 
REQUEST	15		Page 3	1565750623682	1565750623935	OK	 
REQUEST	13		Page 3	1565750623697	1565750623937	OK	 
REQUEST	7		Page 3	1565750623692	1565750623938	OK	 
REQUEST	29		Page 3	1565750623693	1565750623938	OK	 
REQUEST	9		Page 3	1565750623692	1565750623938	OK	 
REQUEST	22		Page 3	1565750623682	1565750623939	OK	 
REQUEST	14		Page 3	1565750623692	1565750623940	OK	 
REQUEST	12		Page 3	1565750623692	1565750623940	OK	 
REQUEST	2		Page 3	1565750623707	1565750623944	OK	 
REQUEST	10		Page 3	1565750623698	1565750623946	OK	 
REQUEST	18		Page 3	1565750623698	1565750623946	OK	 
REQUEST	19		Page 3	1565750623697	1565750623947	OK	 
REQUEST	28		Page 3	1565750623697	1565750623949	OK	 
REQUEST	20		Page 3	1565750623692	1565750623950	OK	 
REQUEST	25		Page 3	1565750623693	1565750623952	OK	 
REQUEST	6		Page 3	1565750623692	1565750623952	OK	 
REQUEST	21		Page 3	1565750623697	1565750623953	OK	 
REQUEST	26		Page 3	1565750623707	1565750623956	OK	 
REQUEST	4		Page 3	1565750623707	1565750623963	OK	 
REQUEST	3		Page 3	1565750623707	1565750623963	OK	 
REQUEST	17		Page 3	1565750623727	1565750623973	OK	 
REQUEST	23		Page 4	1565750624531	1565750624766	OK	 
REQUEST	16		Page 4	1565750624541	1565750624779	OK	 
REQUEST	1		Page 4	1565750624541	1565750624788	OK	 
REQUEST	29		Page 4	1565750624560	1565750624796	OK	 
REQUEST	11		Page 4	1565750624560	1565750624797	OK	 
REQUEST	24		Page 4	1565750624560	1565750624806	OK	 
REQUEST	5		Page 4	1565750624560	1565750624807	OK	 
REQUEST	9		Page 4	1565750624560	1565750624808	OK	 
REQUEST	8		Page 4	1565750624551	1565750624809	OK	 
REQUEST	30		Page 4	1565750624560	1565750624813	OK	 
REQUEST	7		Page 4	1565750624581	1565750624815	OK	 
REQUEST	22		Page 4	1565750624581	1565750624815	OK	 
REQUEST	27		Page 4	1565750624570	1565750624816	OK	 
REQUEST	13		Page 4	1565750624570	1565750624816	OK	 
REQUEST	12		Page 4	1565750624581	1565750624818	OK	 
REQUEST	18		Page 4	1565750624581	1565750624818	OK	 
REQUEST	15		Page 4	1565750624570	1565750624823	OK	 
REQUEST	25		Page 4	1565750624590	1565750624824	OK	 
REQUEST	20		Page 4	1565750624590	1565750624825	OK	 
REQUEST	6		Page 4	1565750624581	1565750624826	OK	 
REQUEST	2		Page 4	1565750624581	1565750624826	OK	 
REQUEST	19		Page 4	1565750624581	1565750624827	OK	 
REQUEST	10		Page 4	1565750624581	1565750624829	OK	 
REQUEST	14		Page 4	1565750624581	1565750624829	OK	 
REQUEST	28		Page 4	1565750624590	1565750624836	OK	 
REQUEST	21		Page 4	1565750624590	1565750624837	OK	 
REQUEST	26		Page 4	1565750624600	1565750624845	OK	 
REQUEST	4		Page 4	1565750624600	1565750624846	OK	 
REQUEST	3		Page 4	1565750624600	1565750624847	OK	 
REQUEST	17		Page 4	1565750624611	1565750624857	OK	 
USER	Users	1	END	1565750615293	1565750629794
USER	Users	5	END	1565750615294	1565750629800
USER	Users	8	END	1565750615294	1565750629800
USER	Users	7	END	1565750615294	1565750629810
USER	Users	9	END	1565750615294	1565750629810
USER	Users	6	END	1565750615293	1565750629820
USER	Users	2	END	1565750615293	1565750629820
USER	Users	10	END	1565750615295	1565750629820
USER	Users	4	END	1565750615294	1565750629850
USER	Users	3	END	1565750615293	1565750629861
REQUEST	23		Form	1565750629760	1565750630008	OK	 
REQUEST	16		Form	1565750629780	1565750630015	OK	 
REQUEST	29		Form	1565750629800	1565750630035	OK	 
REQUEST	11		Form	1565750629790	1565750630038	OK	 
REQUEST	22		Form	1565750629810	1565750630044	OK	 
REQUEST	18		Form	1565750629810	1565750630045	OK	 
REQUEST	24		Form	1565750629810	1565750630045	OK	 
REQUEST	27		Form	1565750629810	1565750630045	OK	 
REQUEST	28		Form	1565750629820	1565750630055	OK	 
REQUEST	30		Form	1565750629810	1565750630057	OK	 
REQUEST	12		Form	1565750629810	1565750630057	OK	 
REQUEST	19		Form	1565750629830	1565750630064	OK	 
REQUEST	20		Form	1565750629820	1565750630066	OK	 
REQUEST	13		Form	1565750629820	1565750630067	OK	 
REQUEST	15		Form	1565750629820	1565750630067	OK	 
REQUEST	14		Form	1565750629820	1565750630069	OK	 
REQUEST	25		Form	1565750629820	1565750630073	OK	 
REQUEST	26		Form	1565750629840	1565750630078	OK	 
REQUEST	21		Form	1565750629850	1565750630090	OK	 
REQUEST	17		Form	1565750629862	1565750630111	OK	 
REQUEST	16		Post	1565750631031	1565750631266	OK	 
USER	Admins	16	END	1565750615297	1565750631266
REQUEST	23		Post	1565750631031	1565750631267	OK	 
USER	Admins	23	END	1565750615346	1565750631267
REQUEST	22		Post	1565750631038	1565750631275	OK	 
USER	Admins	22	END	1565750615345	1565750631275
REQUEST	29		Post	1565750631038	1565750631284	OK	 
USER	Admins	29	END	1565750615347	1565750631284
REQUEST	11		Post	1565750631038	1565750631285	OK	 
USER	Admins	11	END	1565750615295	1565750631285
REQUEST	24		Post	1565750631048	1565750631294	OK	 
USER	Admins	24	END	1565750615346	1565750631294
REQUEST	27		Post	1565750631048	1565750631295	OK	 
REQUEST	18		Post	1565750631048	1565750631295	OK	 
USER	Admins	27	END	1565750615347	1565750631295
USER	Admins	18	END	1565750615299	1565750631295
REQUEST	20		Post	1565750631068	1565750631302	OK	 
USER	Admins	20	END	1565750615345	1565750631303
REQUEST	14		Post	1565750631068	1565750631302	OK	 
USER	Admins	14	END	1565750615296	1565750631303
REQUEST	19		Post	1565750631058	1565750631304	OK	 
REQUEST	30		Post	1565750631058	1565750631304	OK	 
USER	Admins	19	END	1565750615345	1565750631304
USER	Admins	30	END	1565750615347	1565750631304
REQUEST	12		Post	1565750631058	1565750631305	OK	 
USER	Admins	12	END	1565750615295	1565750631305
REQUEST	15		Post	1565750631068	1565750631313	OK	 
USER	Admins	15	END	1565750615297	1565750631314
REQUEST	13		Post	1565750631068	1565750631315	OK	 
USER	Admins	13	END	1565750615296	1565750631315
REQUEST	25		Post	1565750631068	1565750631316	OK	 
USER	Admins	25	END	1565750615346	1565750631316
REQUEST	28		Post	1565750631068	1565750631317	OK	 
USER	Admins	28	END	1565750615347	1565750631317
REQUEST	21		Post	1565750631079	1565750631326	OK	 
USER	Admins	21	END	1565750615345	1565750631326
REQUEST	17		Post	1565750631099	1565750631327	OK	 
USER	Admins	17	END	1565750615297	1565750631328
REQUEST	26		Post	1565750631079	1565750631333	OK	 
USER	Admins	26	END	1565750615347	1565750631333
